[1212/131206.092:ERROR:os_crypt_win.cc(93)] Failed to decrypt: Key not valid for use in specified state. (0x8009000B)
[1212/131208.292:WARNING:value_store_frontend.cc(45)] Reading mhjfbmdgcfjbbpaeojofohoefgiehjai.alarms from  failed: IO error: .../MANIFEST-000001: Unable to create sequential file (ChromeMethodBFE: 7::NewSequentialFile::1)
[1212/131232.191:WARNING:angle_platform_impl.cc(48)] HLSLCompiler.cpp:257 (compileToBinary): 
C:\fakepath(102,1-6): warning X4000: use of potentially uninitialized variable (dyn_index_vec4_float4)

[1212/131232.419:WARNING:angle_platform_impl.cc(48)] HLSLCompiler.cpp:257 (compileToBinary): 
C:\fakepath(135,1): warning X4000: use of potentially uninitialized variable (f_i)
C:\fakepath(137,1): warning X4000: use of potentially uninitialized variable (f_i)
C:\fakepath(173,1): warning X4000: use of potentially uninitialized variable (f_u)

[1212/131232.872:WARNING:angle_platform_impl.cc(48)] HLSLCompiler.cpp:257 (compileToBinary): 
C:\fakepath(165,1): warning X4000: use of potentially uninitialized variable (f_renderMipMapLevel)

[1212/131232.878:WARNING:angle_platform_impl.cc(48)] HLSLCompiler.cpp:257 (compileToBinary): 
C:\fakepath(165,1): warning X4000: use of potentially uninitialized variable (f_renderMipMapLevel)

[1212/131232.885:WARNING:angle_platform_impl.cc(48)] HLSLCompiler.cpp:257 (compileToBinary): 
C:\fakepath(165,1): warning X4000: use of potentially uninitialized variable (f_renderMipMapLevel)

[1212/131233.108:WARNING:angle_platform_impl.cc(48)] HLSLCompiler.cpp:257 (compileToBinary): 
C:\fakepath(381,10-38): warning X4008: floating point division by zero
C:\fakepath(381,10-38): warning X4008: floating point division by zero

[1212/131233.631:ERROR:gl_utils.cc(314)] [.WebGL-00000206E8764780] GL_INVALID_OPERATION: Two textures of different types use the same sampler location.
[1212/131233.659:ERROR:gl_utils.cc(314)] [.WebGL-00000206E8764780] GL_INVALID_OPERATION: Two textures of different types use the same sampler location.
[1212/131245.990:ERROR:shared_image_manager.cc(214)] SharedImageManager::ProduceSkia: Trying to Produce a Skia representation from a non-existent mailbox.
[1212/131250.230:WARNING:angle_platform_impl.cc(48)] HLSLCompiler.cpp:257 (compileToBinary): 
C:\fakepath(102,1-6): warning X4000: use of potentially uninitialized variable (dyn_index_vec4_float4)

[1212/131250.462:WARNING:angle_platform_impl.cc(48)] HLSLCompiler.cpp:257 (compileToBinary): 
C:\fakepath(135,1): warning X4000: use of potentially uninitialized variable (f_i)
C:\fakepath(137,1): warning X4000: use of potentially uninitialized variable (f_i)
C:\fakepath(173,1): warning X4000: use of potentially uninitialized variable (f_u)

[1212/131250.780:WARNING:angle_platform_impl.cc(48)] HLSLCompiler.cpp:257 (compileToBinary): 
C:\fakepath(165,1): warning X4000: use of potentially uninitialized variable (f_renderMipMapLevel)

[1212/131250.796:WARNING:angle_platform_impl.cc(48)] HLSLCompiler.cpp:257 (compileToBinary): 
C:\fakepath(165,1): warning X4000: use of potentially uninitialized variable (f_renderMipMapLevel)

[1212/131250.815:WARNING:angle_platform_impl.cc(48)] HLSLCompiler.cpp:257 (compileToBinary): 
C:\fakepath(165,1): warning X4000: use of potentially uninitialized variable (f_renderMipMapLevel)

[1212/131251.066:WARNING:angle_platform_impl.cc(48)] HLSLCompiler.cpp:257 (compileToBinary): 
C:\fakepath(381,10-38): warning X4008: floating point division by zero
C:\fakepath(381,10-38): warning X4008: floating point division by zero

[1212/131251.578:ERROR:gl_utils.cc(314)] [.WebGL-00000206EACBC300] GL_INVALID_OPERATION: Two textures of different types use the same sampler location.
[1212/131251.601:ERROR:gl_utils.cc(314)] [.WebGL-00000206EACBC300] GL_INVALID_OPERATION: Two textures of different types use the same sampler location.
[1212/131406.551:ERROR:gpu_init.cc(426)] Passthrough is not supported, GL is disabled
[1212/141812.869:WARNING:angle_platform_impl.cc(48)] HLSLCompiler.cpp:257 (compileToBinary): 
C:\fakepath(102,1-6): warning X4000: use of potentially uninitialized variable (dyn_index_vec4_float4)

[1212/141813.082:WARNING:angle_platform_impl.cc(48)] HLSLCompiler.cpp:257 (compileToBinary): 
C:\fakepath(135,1): warning X4000: use of potentially uninitialized variable (f_i)
C:\fakepath(137,1): warning X4000: use of potentially uninitialized variable (f_i)
C:\fakepath(173,1): warning X4000: use of potentially uninitialized variable (f_u)

[1212/141813.243:WARNING:angle_platform_impl.cc(48)] HLSLCompiler.cpp:257 (compileToBinary): 
C:\fakepath(165,1): warning X4000: use of potentially uninitialized variable (f_renderMipMapLevel)

[1212/141813.696:ERROR:gl_utils.cc(314)] [.WebGL-00000206E8764100] GL_INVALID_OPERATION: Two textures of different types use the same sampler location.
[1212/141813.699:ERROR:gl_utils.cc(314)] [.WebGL-00000206E8764100] GL_INVALID_OPERATION: Two textures of different types use the same sampler location.
[1212/141813.701:ERROR:gl_utils.cc(314)] [.WebGL-00000206E8764100] GL_INVALID_OPERATION: Two textures of different types use the same sampler location.
[1212/141813.722:ERROR:gl_utils.cc(314)] [.WebGL-00000206E8764100] GL_INVALID_OPERATION: Two textures of different types use the same sampler location.
[1212/141813.723:ERROR:gl_utils.cc(314)] [.WebGL-00000206E8764100] GL_INVALID_OPERATION: Two textures of different types use the same sampler location.
[1212/141813.724:ERROR:gl_utils.cc(314)] [.WebGL-00000206E8764100] GL_INVALID_OPERATION: Two textures of different types use the same sampler location.
[1212/141822.654:WARNING:angle_platform_impl.cc(48)] HLSLCompiler.cpp:257 (compileToBinary): 
C:\fakepath(102,1-6): warning X4000: use of potentially uninitialized variable (dyn_index_vec4_float4)

[1212/141822.878:WARNING:angle_platform_impl.cc(48)] HLSLCompiler.cpp:257 (compileToBinary): 
C:\fakepath(135,1): warning X4000: use of potentially uninitialized variable (f_i)
C:\fakepath(137,1): warning X4000: use of potentially uninitialized variable (f_i)
C:\fakepath(173,1): warning X4000: use of potentially uninitialized variable (f_u)

[1212/141823.300:WARNING:angle_platform_impl.cc(48)] HLSLCompiler.cpp:257 (compileToBinary): 
C:\fakepath(165,1): warning X4000: use of potentially uninitialized variable (f_renderMipMapLevel)

[1212/141823.610:ERROR:gl_utils.cc(314)] [.WebGL-00000206EACBC980] GL_INVALID_OPERATION: Two textures of different types use the same sampler location.
[1212/141823.611:ERROR:gl_utils.cc(314)] [.WebGL-00000206EACBC980] GL_INVALID_OPERATION: Two textures of different types use the same sampler location.
[1212/141823.630:ERROR:gl_utils.cc(314)] [.WebGL-00000206EACBC980] GL_INVALID_OPERATION: Two textures of different types use the same sampler location.
[1212/141823.631:ERROR:gl_utils.cc(314)] [.WebGL-00000206EACBC980] GL_INVALID_OPERATION: Two textures of different types use the same sampler location.
[1212/141836.391:WARNING:angle_platform_impl.cc(48)] HLSLCompiler.cpp:257 (compileToBinary): 
C:\fakepath(102,1-6): warning X4000: use of potentially uninitialized variable (dyn_index_vec4_float4)

[1212/141836.604:WARNING:angle_platform_impl.cc(48)] HLSLCompiler.cpp:257 (compileToBinary): 
C:\fakepath(135,1): warning X4000: use of potentially uninitialized variable (f_i)
C:\fakepath(137,1): warning X4000: use of potentially uninitialized variable (f_i)
C:\fakepath(173,1): warning X4000: use of potentially uninitialized variable (f_u)

[1212/141837.039:WARNING:angle_platform_impl.cc(48)] HLSLCompiler.cpp:257 (compileToBinary): 
C:\fakepath(165,1): warning X4000: use of potentially uninitialized variable (f_renderMipMapLevel)

[1212/141837.306:WARNING:angle_platform_impl.cc(48)] HLSLCompiler.cpp:257 (compileToBinary): 
C:\fakepath(381,10-38): warning X4008: floating point division by zero
C:\fakepath(381,10-38): warning X4008: floating point division by zero

[1212/141837.729:ERROR:gl_utils.cc(314)] [.WebGL-00000206EACBC980] GL_INVALID_OPERATION: Two textures of different types use the same sampler location.
[1212/141837.766:ERROR:gl_utils.cc(314)] [.WebGL-00000206EACBC980] GL_INVALID_OPERATION: Two textures of different types use the same sampler location.
